ARM GAS  C:\Users\Labeo\AppData\Local\Temp\ccTVo470.s 			page 1


   1              		.syntax unified
   2              		.cpu cortex-m0plus
   3              		.fpu softvfp
   4              		.eabi_attribute 20, 1
   5              		.eabi_attribute 21, 1
   6              		.eabi_attribute 23, 3
   7              		.eabi_attribute 24, 1
   8              		.eabi_attribute 25, 1
   9              		.eabi_attribute 26, 1
  10              		.eabi_attribute 30, 1
  11              		.eabi_attribute 34, 0
  12              		.eabi_attribute 18, 4
  13              		.thumb
  14              		.syntax unified
  15              		.file	"main_cm0p.c"
  16              		.text
  17              	.Ltext0:
  18              		.cfi_sections	.debug_frame
  19              		.section	.text.main,"ax",%progbits
  20              		.align	2
  21              		.global	main
  22              		.code	16
  23              		.thumb_func
  24              		.type	main, %function
  25              	main:
  26              	.LFB468:
  27              		.file 1 "main_cm0p.c"
   1:main_cm0p.c   **** /******************************************************************************
   2:main_cm0p.c   **** * File Name: main_cm0p.c
   3:main_cm0p.c   **** *
   4:main_cm0p.c   **** * Version: 1.10
   5:main_cm0p.c   **** *
   6:main_cm0p.c   **** * Description: This file main application code for the CE223727 EmWin Graphics
   7:main_cm0p.c   **** *				library EInk Display, for the CM0+ processor.  The only action
   8:main_cm0p.c   **** *				this file performs is to start the CM4 processor.
   9:main_cm0p.c   **** *
  10:main_cm0p.c   **** * Hardware Dependency: CY8CKIT-028-EPD E-Ink Display Shield
  11:main_cm0p.c   **** *					   CY8CKIT-062-BLE PSoC6 BLE Pioneer Kit
  12:main_cm0p.c   **** *
  13:main_cm0p.c   **** *******************************************************************************
  14:main_cm0p.c   **** * Copyright (2018), Cypress Semiconductor Corporation. All rights reserved.
  15:main_cm0p.c   **** *******************************************************************************
  16:main_cm0p.c   **** * This software, including source code, documentation and related materials
  17:main_cm0p.c   **** * (“Software”), is owned by Cypress Semiconductor Corporation or one of its
  18:main_cm0p.c   **** * subsidiaries (“Cypress”) and is protected by and subject to worldwide patent
  19:main_cm0p.c   **** * protection (United States and foreign), United States copyright laws and
  20:main_cm0p.c   **** * international treaty provisions. Therefore, you may use this Software only
  21:main_cm0p.c   **** * as provided in the license agreement accompanying the software package from
  22:main_cm0p.c   **** * which you obtained this Software (“EULA”).
  23:main_cm0p.c   **** *
  24:main_cm0p.c   **** * If no EULA applies, Cypress hereby grants you a personal, nonexclusive,
  25:main_cm0p.c   **** * non-transferable license to copy, modify, and compile the Software source
  26:main_cm0p.c   **** * code solely for use in connection with Cypress’s integrated circuit products.
  27:main_cm0p.c   **** * Any reproduction, modification, translation, compilation, or representation
  28:main_cm0p.c   **** * of this Software except as specified above is prohibited without the express
  29:main_cm0p.c   **** * written permission of Cypress.
  30:main_cm0p.c   **** *
ARM GAS  C:\Users\Labeo\AppData\Local\Temp\ccTVo470.s 			page 2


  31:main_cm0p.c   **** * Disclaimer: THIS SOFTWARE IS PROVIDED AS-IS, WITH NO WARRANTY OF ANY KIND, 
  32:main_cm0p.c   **** * EXPRESS OR IMPLIED, INCLUDING, BUT NOT LIMITED TO, NONINFRINGEMENT, IMPLIED 
  33:main_cm0p.c   **** * WARRANTIES OF MERCHANTABILITY AND FITNESS FOR A PARTICULAR PURPOSE. Cypress 
  34:main_cm0p.c   **** * reserves the right to make changes to the Software without notice. Cypress 
  35:main_cm0p.c   **** * does not assume any liability arising out of the application or use of the 
  36:main_cm0p.c   **** * Software or any product or circuit described in the Software. Cypress does 
  37:main_cm0p.c   **** * not authorize its products for use in any products where a malfunction or 
  38:main_cm0p.c   **** * failure of the Cypress product may reasonably be expected to result in 
  39:main_cm0p.c   **** * significant property damage, injury or death (“High Risk Product”). By 
  40:main_cm0p.c   **** * including Cypress’s product in a High Risk Product, the manufacturer of such 
  41:main_cm0p.c   **** * system or application assumes all risk of such use and in doing so agrees to 
  42:main_cm0p.c   **** * indemnify Cypress against all liability.
  43:main_cm0p.c   **** *******************************************************************************/
  44:main_cm0p.c   **** #include "project.h"
  45:main_cm0p.c   **** 
  46:main_cm0p.c   **** int main(void)
  47:main_cm0p.c   **** {
  28              		.loc 1 47 0
  29              		.cfi_startproc
  30              		@ Volatile: function does not return.
  31              		@ args = 0, pretend = 0, frame = 0
  32              		@ frame_needed = 0, uses_anonymous_args = 0
  33 0000 10B5     		push	{r4, lr}
  34              		.cfi_def_cfa_offset 8
  35              		.cfi_offset 4, -8
  36              		.cfi_offset 14, -4
  48:main_cm0p.c   ****     /*__enable_irq(); */ /* Enable global interrupts. */
  49:main_cm0p.c   ****     
  50:main_cm0p.c   **** 	/* Enable CM4.  CY_CORTEX_M4_APPL_ADDR must be updated if CM4 memory layout is changed. */
  51:main_cm0p.c   ****     Cy_SysEnableCM4(CY_CORTEX_M4_APPL_ADDR); 
  37              		.loc 1 51 0
  38 0002 0348     		ldr	r0, .L3
  39 0004 FFF7FEFF 		bl	Cy_SysEnableCM4
  40              	.LVL0:
  41              	.L2:
  52:main_cm0p.c   **** 
  53:main_cm0p.c   ****     /* Place your initialization/startup code here (e.g. MyInst_Start()) */
  54:main_cm0p.c   **** 
  55:main_cm0p.c   ****     for(;;)
  56:main_cm0p.c   ****     {
  57:main_cm0p.c   ****         /* Place your application code here. */
  58:main_cm0p.c   **** 		Cy_SysPm_DeepSleep(CY_SYSPM_WAIT_FOR_INTERRUPT);
  42              		.loc 1 58 0 discriminator 1
  43 0008 0020     		movs	r0, #0
  44 000a FFF7FEFF 		bl	Cy_SysPm_CpuEnterDeepSleep
  45              	.LVL1:
  46 000e FBE7     		b	.L2
  47              	.L4:
  48              		.align	2
  49              	.L3:
  50 0010 00000810 		.word	268959744
  51              		.cfi_endproc
  52              	.LFE468:
  53              		.size	main, .-main
  54              		.text
  55              	.Letext0:
  56              		.file 2 "c:\\program files (x86)\\cypress\\psoc creator\\4.4\\psoc creator\\import\\gnu\\arm\\5.4.
ARM GAS  C:\Users\Labeo\AppData\Local\Temp\ccTVo470.s 			page 3


  57              		.file 3 "c:\\program files (x86)\\cypress\\psoc creator\\4.4\\psoc creator\\import\\gnu\\arm\\5.4.
  58              		.file 4 "Generated_Source\\PSoC6\\pdl\\drivers/peripheral/device/cy_device.h"
  59              		.file 5 "Generated_Source\\PSoC6\\pdl\\drivers/peripheral/scb/cy_scb_spi.h"
  60              		.file 6 "Generated_Source\\PSoC6\\pdl\\drivers/peripheral/tcpwm/cy_tcpwm_counter.h"
  61              		.file 7 "Generated_Source\\PSoC6/CY_EINK_SPIM.h"
  62              		.file 8 "Generated_Source\\PSoC6/CY_EINK_Timer.h"
  63              		.file 9 "./system_psoc6.h"
  64              		.file 10 "Generated_Source\\PSoC6\\pdl\\drivers/peripheral/syspm/cy_syspm.h"
  65              		.section	.debug_info,"",%progbits
  66              	.Ldebug_info0:
  67 0000 58070000 		.4byte	0x758
  68 0004 0400     		.2byte	0x4
  69 0006 00000000 		.4byte	.Ldebug_abbrev0
  70 000a 04       		.byte	0x4
  71 000b 01       		.uleb128 0x1
  72 000c C9060000 		.4byte	.LASF150
  73 0010 0C       		.byte	0xc
  74 0011 85000000 		.4byte	.LASF151
  75 0015 66030000 		.4byte	.LASF152
  76 0019 00000000 		.4byte	.Ldebug_ranges0+0
  77 001d 00000000 		.4byte	0
  78 0021 00000000 		.4byte	.Ldebug_line0
  79 0025 02       		.uleb128 0x2
  80 0026 02       		.byte	0x2
  81 0027 05       		.byte	0x5
  82 0028 73060000 		.4byte	.LASF0
  83 002c 02       		.uleb128 0x2
  84 002d 01       		.byte	0x1
  85 002e 08       		.byte	0x8
  86 002f 51060000 		.4byte	.LASF1
  87 0033 02       		.uleb128 0x2
  88 0034 01       		.byte	0x1
  89 0035 06       		.byte	0x6
  90 0036 A3080000 		.4byte	.LASF2
  91 003a 03       		.uleb128 0x3
  92 003b 9F000000 		.4byte	.LASF3
  93 003f 02       		.byte	0x2
  94 0040 1D       		.byte	0x1d
  95 0041 2C000000 		.4byte	0x2c
  96 0045 03       		.uleb128 0x3
  97 0046 34030000 		.4byte	.LASF4
  98 004a 02       		.byte	0x2
  99 004b 29       		.byte	0x29
 100 004c 25000000 		.4byte	0x25
 101 0050 03       		.uleb128 0x3
 102 0051 97070000 		.4byte	.LASF5
 103 0055 02       		.byte	0x2
 104 0056 2B       		.byte	0x2b
 105 0057 5B000000 		.4byte	0x5b
 106 005b 02       		.uleb128 0x2
 107 005c 02       		.byte	0x2
 108 005d 07       		.byte	0x7
 109 005e F7070000 		.4byte	.LASF6
 110 0062 02       		.uleb128 0x2
 111 0063 04       		.byte	0x4
 112 0064 05       		.byte	0x5
 113 0065 54020000 		.4byte	.LASF7
ARM GAS  C:\Users\Labeo\AppData\Local\Temp\ccTVo470.s 			page 4


 114 0069 03       		.uleb128 0x3
 115 006a FE020000 		.4byte	.LASF8
 116 006e 02       		.byte	0x2
 117 006f 41       		.byte	0x41
 118 0070 74000000 		.4byte	0x74
 119 0074 02       		.uleb128 0x2
 120 0075 04       		.byte	0x4
 121 0076 07       		.byte	0x7
 122 0077 0D040000 		.4byte	.LASF9
 123 007b 02       		.uleb128 0x2
 124 007c 08       		.byte	0x8
 125 007d 05       		.byte	0x5
 126 007e 9C010000 		.4byte	.LASF10
 127 0082 02       		.uleb128 0x2
 128 0083 08       		.byte	0x8
 129 0084 07       		.byte	0x7
 130 0085 1C010000 		.4byte	.LASF11
 131 0089 04       		.uleb128 0x4
 132 008a 04       		.byte	0x4
 133 008b 05       		.byte	0x5
 134 008c 696E7400 		.ascii	"int\000"
 135 0090 02       		.uleb128 0x2
 136 0091 04       		.byte	0x4
 137 0092 07       		.byte	0x7
 138 0093 D1030000 		.4byte	.LASF12
 139 0097 03       		.uleb128 0x3
 140 0098 DB080000 		.4byte	.LASF13
 141 009c 03       		.byte	0x3
 142 009d 18       		.byte	0x18
 143 009e 3A000000 		.4byte	0x3a
 144 00a2 03       		.uleb128 0x3
 145 00a3 94010000 		.4byte	.LASF14
 146 00a7 03       		.byte	0x3
 147 00a8 20       		.byte	0x20
 148 00a9 45000000 		.4byte	0x45
 149 00ad 03       		.uleb128 0x3
 150 00ae DE030000 		.4byte	.LASF15
 151 00b2 03       		.byte	0x3
 152 00b3 24       		.byte	0x24
 153 00b4 50000000 		.4byte	0x50
 154 00b8 03       		.uleb128 0x3
 155 00b9 C0060000 		.4byte	.LASF16
 156 00bd 03       		.byte	0x3
 157 00be 30       		.byte	0x30
 158 00bf 69000000 		.4byte	0x69
 159 00c3 02       		.uleb128 0x2
 160 00c4 04       		.byte	0x4
 161 00c5 07       		.byte	0x7
 162 00c6 5D050000 		.4byte	.LASF17
 163 00ca 05       		.uleb128 0x5
 164 00cb B8000000 		.4byte	0xb8
 165 00cf 02       		.uleb128 0x2
 166 00d0 08       		.byte	0x8
 167 00d1 04       		.byte	0x4
 168 00d2 61070000 		.4byte	.LASF18
 169 00d6 06       		.uleb128 0x6
 170 00d7 B8       		.byte	0xb8
ARM GAS  C:\Users\Labeo\AppData\Local\Temp\ccTVo470.s 			page 5


 171 00d8 04       		.byte	0x4
 172 00d9 34       		.byte	0x34
 173 00da E7040000 		.4byte	0x4e7
 174 00de 07       		.uleb128 0x7
 175 00df F2000000 		.4byte	.LASF19
 176 00e3 04       		.byte	0x4
 177 00e4 37       		.byte	0x37
 178 00e5 B8000000 		.4byte	0xb8
 179 00e9 00       		.byte	0
 180 00ea 07       		.uleb128 0x7
 181 00eb F3020000 		.4byte	.LASF20
 182 00ef 04       		.byte	0x4
 183 00f0 38       		.byte	0x38
 184 00f1 B8000000 		.4byte	0xb8
 185 00f5 04       		.byte	0x4
 186 00f6 07       		.uleb128 0x7
 187 00f7 6B020000 		.4byte	.LASF21
 188 00fb 04       		.byte	0x4
 189 00fc 39       		.byte	0x39
 190 00fd B8000000 		.4byte	0xb8
 191 0101 08       		.byte	0x8
 192 0102 07       		.uleb128 0x7
 193 0103 3A060000 		.4byte	.LASF22
 194 0107 04       		.byte	0x4
 195 0108 3A       		.byte	0x3a
 196 0109 B8000000 		.4byte	0xb8
 197 010d 0C       		.byte	0xc
 198 010e 07       		.uleb128 0x7
 199 010f F4010000 		.4byte	.LASF23
 200 0113 04       		.byte	0x4
 201 0114 3B       		.byte	0x3b
 202 0115 B8000000 		.4byte	0xb8
 203 0119 10       		.byte	0x10
 204 011a 07       		.uleb128 0x7
 205 011b 4A020000 		.4byte	.LASF24
 206 011f 04       		.byte	0x4
 207 0120 3C       		.byte	0x3c
 208 0121 B8000000 		.4byte	0xb8
 209 0125 14       		.byte	0x14
 210 0126 07       		.uleb128 0x7
 211 0127 3C040000 		.4byte	.LASF25
 212 012b 04       		.byte	0x4
 213 012c 3D       		.byte	0x3d
 214 012d B8000000 		.4byte	0xb8
 215 0131 18       		.byte	0x18
 216 0132 07       		.uleb128 0x7
 217 0133 7C000000 		.4byte	.LASF26
 218 0137 04       		.byte	0x4
 219 0138 3E       		.byte	0x3e
 220 0139 B8000000 		.4byte	0xb8
 221 013d 1C       		.byte	0x1c
 222 013e 07       		.uleb128 0x7
 223 013f 61090000 		.4byte	.LASF27
 224 0143 04       		.byte	0x4
 225 0144 3F       		.byte	0x3f
 226 0145 B8000000 		.4byte	0xb8
 227 0149 20       		.byte	0x20
ARM GAS  C:\Users\Labeo\AppData\Local\Temp\ccTVo470.s 			page 6


 228 014a 07       		.uleb128 0x7
 229 014b D1050000 		.4byte	.LASF28
 230 014f 04       		.byte	0x4
 231 0150 40       		.byte	0x40
 232 0151 B8000000 		.4byte	0xb8
 233 0155 24       		.byte	0x24
 234 0156 07       		.uleb128 0x7
 235 0157 13050000 		.4byte	.LASF29
 236 015b 04       		.byte	0x4
 237 015c 43       		.byte	0x43
 238 015d 97000000 		.4byte	0x97
 239 0161 28       		.byte	0x28
 240 0162 07       		.uleb128 0x7
 241 0163 5F000000 		.4byte	.LASF30
 242 0167 04       		.byte	0x4
 243 0168 44       		.byte	0x44
 244 0169 97000000 		.4byte	0x97
 245 016d 29       		.byte	0x29
 246 016e 07       		.uleb128 0x7
 247 016f 57090000 		.4byte	.LASF31
 248 0173 04       		.byte	0x4
 249 0174 45       		.byte	0x45
 250 0175 97000000 		.4byte	0x97
 251 0179 2A       		.byte	0x2a
 252 017a 07       		.uleb128 0x7
 253 017b C3050000 		.4byte	.LASF32
 254 017f 04       		.byte	0x4
 255 0180 46       		.byte	0x46
 256 0181 97000000 		.4byte	0x97
 257 0185 2B       		.byte	0x2b
 258 0186 07       		.uleb128 0x7
 259 0187 9C040000 		.4byte	.LASF33
 260 018b 04       		.byte	0x4
 261 018c 47       		.byte	0x47
 262 018d 97000000 		.4byte	0x97
 263 0191 2C       		.byte	0x2c
 264 0192 07       		.uleb128 0x7
 265 0193 CD070000 		.4byte	.LASF34
 266 0197 04       		.byte	0x4
 267 0198 48       		.byte	0x48
 268 0199 97000000 		.4byte	0x97
 269 019d 2D       		.byte	0x2d
 270 019e 07       		.uleb128 0x7
 271 019f FD010000 		.4byte	.LASF35
 272 01a3 04       		.byte	0x4
 273 01a4 49       		.byte	0x49
 274 01a5 97000000 		.4byte	0x97
 275 01a9 2E       		.byte	0x2e
 276 01aa 07       		.uleb128 0x7
 277 01ab 20050000 		.4byte	.LASF36
 278 01af 04       		.byte	0x4
 279 01b0 4A       		.byte	0x4a
 280 01b1 97000000 		.4byte	0x97
 281 01b5 2F       		.byte	0x2f
 282 01b6 07       		.uleb128 0x7
 283 01b7 7D070000 		.4byte	.LASF37
 284 01bb 04       		.byte	0x4
ARM GAS  C:\Users\Labeo\AppData\Local\Temp\ccTVo470.s 			page 7


 285 01bc 4B       		.byte	0x4b
 286 01bd 97000000 		.4byte	0x97
 287 01c1 30       		.byte	0x30
 288 01c2 07       		.uleb128 0x7
 289 01c3 31040000 		.4byte	.LASF38
 290 01c7 04       		.byte	0x4
 291 01c8 4E       		.byte	0x4e
 292 01c9 97000000 		.4byte	0x97
 293 01cd 31       		.byte	0x31
 294 01ce 07       		.uleb128 0x7
 295 01cf 91000000 		.4byte	.LASF39
 296 01d3 04       		.byte	0x4
 297 01d4 4F       		.byte	0x4f
 298 01d5 97000000 		.4byte	0x97
 299 01d9 32       		.byte	0x32
 300 01da 07       		.uleb128 0x7
 301 01db C5030000 		.4byte	.LASF40
 302 01df 04       		.byte	0x4
 303 01e0 50       		.byte	0x50
 304 01e1 97000000 		.4byte	0x97
 305 01e5 33       		.byte	0x33
 306 01e6 07       		.uleb128 0x7
 307 01e7 71050000 		.4byte	.LASF41
 308 01eb 04       		.byte	0x4
 309 01ec 51       		.byte	0x51
 310 01ed 97000000 		.4byte	0x97
 311 01f1 34       		.byte	0x34
 312 01f2 07       		.uleb128 0x7
 313 01f3 39080000 		.4byte	.LASF42
 314 01f7 04       		.byte	0x4
 315 01f8 52       		.byte	0x52
 316 01f9 A2000000 		.4byte	0xa2
 317 01fd 36       		.byte	0x36
 318 01fe 07       		.uleb128 0x7
 319 01ff 85020000 		.4byte	.LASF43
 320 0203 04       		.byte	0x4
 321 0204 53       		.byte	0x53
 322 0205 A2000000 		.4byte	0xa2
 323 0209 38       		.byte	0x38
 324 020a 07       		.uleb128 0x7
 325 020b B6080000 		.4byte	.LASF44
 326 020f 04       		.byte	0x4
 327 0210 54       		.byte	0x54
 328 0211 A2000000 		.4byte	0xa2
 329 0215 3A       		.byte	0x3a
 330 0216 07       		.uleb128 0x7
 331 0217 3B020000 		.4byte	.LASF45
 332 021b 04       		.byte	0x4
 333 021c 55       		.byte	0x55
 334 021d 97000000 		.4byte	0x97
 335 0221 3C       		.byte	0x3c
 336 0222 07       		.uleb128 0x7
 337 0223 AC020000 		.4byte	.LASF46
 338 0227 04       		.byte	0x4
 339 0228 56       		.byte	0x56
 340 0229 97000000 		.4byte	0x97
 341 022d 3D       		.byte	0x3d
ARM GAS  C:\Users\Labeo\AppData\Local\Temp\ccTVo470.s 			page 8


 342 022e 07       		.uleb128 0x7
 343 022f A2060000 		.4byte	.LASF47
 344 0233 04       		.byte	0x4
 345 0234 57       		.byte	0x57
 346 0235 97000000 		.4byte	0x97
 347 0239 3E       		.byte	0x3e
 348 023a 07       		.uleb128 0x7
 349 023b 03010000 		.4byte	.LASF48
 350 023f 04       		.byte	0x4
 351 0240 58       		.byte	0x58
 352 0241 97000000 		.4byte	0x97
 353 0245 3F       		.byte	0x3f
 354 0246 07       		.uleb128 0x7
 355 0247 DC050000 		.4byte	.LASF49
 356 024b 04       		.byte	0x4
 357 024c 59       		.byte	0x59
 358 024d 97000000 		.4byte	0x97
 359 0251 40       		.byte	0x40
 360 0252 07       		.uleb128 0x7
 361 0253 09030000 		.4byte	.LASF50
 362 0257 04       		.byte	0x4
 363 0258 5A       		.byte	0x5a
 364 0259 97000000 		.4byte	0x97
 365 025d 41       		.byte	0x41
 366 025e 07       		.uleb128 0x7
 367 025f D1040000 		.4byte	.LASF51
 368 0263 04       		.byte	0x4
 369 0264 5B       		.byte	0x5b
 370 0265 97000000 		.4byte	0x97
 371 0269 42       		.byte	0x42
 372 026a 07       		.uleb128 0x7
 373 026b B8050000 		.4byte	.LASF52
 374 026f 04       		.byte	0x4
 375 0270 5C       		.byte	0x5c
 376 0271 97000000 		.4byte	0x97
 377 0275 43       		.byte	0x43
 378 0276 07       		.uleb128 0x7
 379 0277 74020000 		.4byte	.LASF53
 380 027b 04       		.byte	0x4
 381 027c 5D       		.byte	0x5d
 382 027d 97000000 		.4byte	0x97
 383 0281 44       		.byte	0x44
 384 0282 07       		.uleb128 0x7
 385 0283 00000000 		.4byte	.LASF54
 386 0287 04       		.byte	0x4
 387 0288 5E       		.byte	0x5e
 388 0289 B8000000 		.4byte	0xb8
 389 028d 48       		.byte	0x48
 390 028e 07       		.uleb128 0x7
 391 028f 5D020000 		.4byte	.LASF55
 392 0293 04       		.byte	0x4
 393 0294 5F       		.byte	0x5f
 394 0295 B8000000 		.4byte	0xb8
 395 0299 4C       		.byte	0x4c
 396 029a 07       		.uleb128 0x7
 397 029b 91090000 		.4byte	.LASF56
 398 029f 04       		.byte	0x4
ARM GAS  C:\Users\Labeo\AppData\Local\Temp\ccTVo470.s 			page 9


 399 02a0 60       		.byte	0x60
 400 02a1 97000000 		.4byte	0x97
 401 02a5 50       		.byte	0x50
 402 02a6 07       		.uleb128 0x7
 403 02a7 6E010000 		.4byte	.LASF57
 404 02ab 04       		.byte	0x4
 405 02ac 61       		.byte	0x61
 406 02ad 97000000 		.4byte	0x97
 407 02b1 51       		.byte	0x51
 408 02b2 07       		.uleb128 0x7
 409 02b3 CB080000 		.4byte	.LASF58
 410 02b7 04       		.byte	0x4
 411 02b8 62       		.byte	0x62
 412 02b9 97000000 		.4byte	0x97
 413 02bd 52       		.byte	0x52
 414 02be 07       		.uleb128 0x7
 415 02bf 7F090000 		.4byte	.LASF59
 416 02c3 04       		.byte	0x4
 417 02c4 63       		.byte	0x63
 418 02c5 97000000 		.4byte	0x97
 419 02c9 53       		.byte	0x53
 420 02ca 07       		.uleb128 0x7
 421 02cb B0060000 		.4byte	.LASF60
 422 02cf 04       		.byte	0x4
 423 02d0 64       		.byte	0x64
 424 02d1 97000000 		.4byte	0x97
 425 02d5 54       		.byte	0x54
 426 02d6 07       		.uleb128 0x7
 427 02d7 80010000 		.4byte	.LASF61
 428 02db 04       		.byte	0x4
 429 02dc 65       		.byte	0x65
 430 02dd 97000000 		.4byte	0x97
 431 02e1 55       		.byte	0x55
 432 02e2 07       		.uleb128 0x7
 433 02e3 F9030000 		.4byte	.LASF62
 434 02e7 04       		.byte	0x4
 435 02e8 66       		.byte	0x66
 436 02e9 97000000 		.4byte	0x97
 437 02ed 56       		.byte	0x56
 438 02ee 07       		.uleb128 0x7
 439 02ef 45040000 		.4byte	.LASF63
 440 02f3 04       		.byte	0x4
 441 02f4 67       		.byte	0x67
 442 02f5 97000000 		.4byte	0x97
 443 02f9 57       		.byte	0x57
 444 02fa 07       		.uleb128 0x7
 445 02fb 24000000 		.4byte	.LASF64
 446 02ff 04       		.byte	0x4
 447 0300 68       		.byte	0x68
 448 0301 97000000 		.4byte	0x97
 449 0305 58       		.byte	0x58
 450 0306 07       		.uleb128 0x7
 451 0307 5F060000 		.4byte	.LASF65
 452 030b 04       		.byte	0x4
 453 030c 69       		.byte	0x69
 454 030d 97000000 		.4byte	0x97
 455 0311 59       		.byte	0x59
ARM GAS  C:\Users\Labeo\AppData\Local\Temp\ccTVo470.s 			page 10


 456 0312 07       		.uleb128 0x7
 457 0313 66050000 		.4byte	.LASF66
 458 0317 04       		.byte	0x4
 459 0318 6E       		.byte	0x6e
 460 0319 AD000000 		.4byte	0xad
 461 031d 5A       		.byte	0x5a
 462 031e 07       		.uleb128 0x7
 463 031f 0A080000 		.4byte	.LASF67
 464 0323 04       		.byte	0x4
 465 0324 6F       		.byte	0x6f
 466 0325 AD000000 		.4byte	0xad
 467 0329 5C       		.byte	0x5c
 468 032a 07       		.uleb128 0x7
 469 032b 6D000000 		.4byte	.LASF68
 470 032f 04       		.byte	0x4
 471 0330 70       		.byte	0x70
 472 0331 97000000 		.4byte	0x97
 473 0335 5E       		.byte	0x5e
 474 0336 07       		.uleb128 0x7
 475 0337 24060000 		.4byte	.LASF69
 476 033b 04       		.byte	0x4
 477 033c 71       		.byte	0x71
 478 033d 97000000 		.4byte	0x97
 479 0341 5F       		.byte	0x5f
 480 0342 07       		.uleb128 0x7
 481 0343 A7050000 		.4byte	.LASF70
 482 0347 04       		.byte	0x4
 483 0348 72       		.byte	0x72
 484 0349 97000000 		.4byte	0x97
 485 034d 60       		.byte	0x60
 486 034e 07       		.uleb128 0x7
 487 034f FD050000 		.4byte	.LASF71
 488 0353 04       		.byte	0x4
 489 0354 73       		.byte	0x73
 490 0355 B8000000 		.4byte	0xb8
 491 0359 64       		.byte	0x64
 492 035a 07       		.uleb128 0x7
 493 035b 42010000 		.4byte	.LASF72
 494 035f 04       		.byte	0x4
 495 0360 76       		.byte	0x76
 496 0361 AD000000 		.4byte	0xad
 497 0365 68       		.byte	0x68
 498 0366 07       		.uleb128 0x7
 499 0367 E7030000 		.4byte	.LASF73
 500 036b 04       		.byte	0x4
 501 036c 77       		.byte	0x77
 502 036d AD000000 		.4byte	0xad
 503 0371 6A       		.byte	0x6a
 504 0372 07       		.uleb128 0x7
 505 0373 59040000 		.4byte	.LASF74
 506 0377 04       		.byte	0x4
 507 0378 78       		.byte	0x78
 508 0379 AD000000 		.4byte	0xad
 509 037d 6C       		.byte	0x6c
 510 037e 07       		.uleb128 0x7
 511 037f 7F040000 		.4byte	.LASF75
 512 0383 04       		.byte	0x4
ARM GAS  C:\Users\Labeo\AppData\Local\Temp\ccTVo470.s 			page 11


 513 0384 79       		.byte	0x79
 514 0385 AD000000 		.4byte	0xad
 515 0389 6E       		.byte	0x6e
 516 038a 07       		.uleb128 0x7
 517 038b 7D060000 		.4byte	.LASF76
 518 038f 04       		.byte	0x4
 519 0390 7B       		.byte	0x7b
 520 0391 97000000 		.4byte	0x97
 521 0395 70       		.byte	0x70
 522 0396 07       		.uleb128 0x7
 523 0397 DF010000 		.4byte	.LASF77
 524 039b 04       		.byte	0x4
 525 039c 7C       		.byte	0x7c
 526 039d 97000000 		.4byte	0x97
 527 03a1 71       		.byte	0x71
 528 03a2 07       		.uleb128 0x7
 529 03a3 69090000 		.4byte	.LASF78
 530 03a7 04       		.byte	0x4
 531 03a8 7D       		.byte	0x7d
 532 03a9 97000000 		.4byte	0x97
 533 03ad 72       		.byte	0x72
 534 03ae 07       		.uleb128 0x7
 535 03af 82050000 		.4byte	.LASF79
 536 03b3 04       		.byte	0x4
 537 03b4 7E       		.byte	0x7e
 538 03b5 97000000 		.4byte	0x97
 539 03b9 73       		.byte	0x73
 540 03ba 07       		.uleb128 0x7
 541 03bb CD020000 		.4byte	.LASF80
 542 03bf 04       		.byte	0x4
 543 03c0 80       		.byte	0x80
 544 03c1 AD000000 		.4byte	0xad
 545 03c5 74       		.byte	0x74
 546 03c6 07       		.uleb128 0x7
 547 03c7 A2070000 		.4byte	.LASF81
 548 03cb 04       		.byte	0x4
 549 03cc 81       		.byte	0x81
 550 03cd AD000000 		.4byte	0xad
 551 03d1 76       		.byte	0x76
 552 03d2 07       		.uleb128 0x7
 553 03d3 97020000 		.4byte	.LASF82
 554 03d7 04       		.byte	0x4
 555 03d8 82       		.byte	0x82
 556 03d9 AD000000 		.4byte	0xad
 557 03dd 78       		.byte	0x78
 558 03de 07       		.uleb128 0x7
 559 03df A9000000 		.4byte	.LASF83
 560 03e3 04       		.byte	0x4
 561 03e4 83       		.byte	0x83
 562 03e5 AD000000 		.4byte	0xad
 563 03e9 7A       		.byte	0x7a
 564 03ea 07       		.uleb128 0x7
 565 03eb 0D090000 		.4byte	.LASF84
 566 03ef 04       		.byte	0x4
 567 03f0 86       		.byte	0x86
 568 03f1 97000000 		.4byte	0x97
 569 03f5 7C       		.byte	0x7c
ARM GAS  C:\Users\Labeo\AppData\Local\Temp\ccTVo470.s 			page 12


 570 03f6 07       		.uleb128 0x7
 571 03f7 84080000 		.4byte	.LASF85
 572 03fb 04       		.byte	0x4
 573 03fc 87       		.byte	0x87
 574 03fd 97000000 		.4byte	0x97
 575 0401 7D       		.byte	0x7d
 576 0402 07       		.uleb128 0x7
 577 0403 38000000 		.4byte	.LASF86
 578 0407 04       		.byte	0x4
 579 0408 88       		.byte	0x88
 580 0409 97000000 		.4byte	0x97
 581 040d 7E       		.byte	0x7e
 582 040e 07       		.uleb128 0x7
 583 040f DF020000 		.4byte	.LASF87
 584 0413 04       		.byte	0x4
 585 0414 89       		.byte	0x89
 586 0415 97000000 		.4byte	0x97
 587 0419 7F       		.byte	0x7f
 588 041a 07       		.uleb128 0x7
 589 041b B1030000 		.4byte	.LASF88
 590 041f 04       		.byte	0x4
 591 0420 8A       		.byte	0x8a
 592 0421 97000000 		.4byte	0x97
 593 0425 80       		.byte	0x80
 594 0426 07       		.uleb128 0x7
 595 0427 6D080000 		.4byte	.LASF89
 596 042b 04       		.byte	0x4
 597 042c 8D       		.byte	0x8d
 598 042d B8000000 		.4byte	0xb8
 599 0431 84       		.byte	0x84
 600 0432 07       		.uleb128 0x7
 601 0433 BE000000 		.4byte	.LASF90
 602 0437 04       		.byte	0x4
 603 0438 8E       		.byte	0x8e
 604 0439 B8000000 		.4byte	0xb8
 605 043d 88       		.byte	0x88
 606 043e 07       		.uleb128 0x7
 607 043f F8080000 		.4byte	.LASF91
 608 0443 04       		.byte	0x4
 609 0444 8F       		.byte	0x8f
 610 0445 B8000000 		.4byte	0xb8
 611 0449 8C       		.byte	0x8c
 612 044a 07       		.uleb128 0x7
 613 044b 2C050000 		.4byte	.LASF92
 614 044f 04       		.byte	0x4
 615 0450 90       		.byte	0x90
 616 0451 B8000000 		.4byte	0xb8
 617 0455 90       		.byte	0x90
 618 0456 07       		.uleb128 0x7
 619 0457 47030000 		.4byte	.LASF93
 620 045b 04       		.byte	0x4
 621 045c 91       		.byte	0x91
 622 045d B8000000 		.4byte	0xb8
 623 0461 94       		.byte	0x94
 624 0462 07       		.uleb128 0x7
 625 0463 F2040000 		.4byte	.LASF94
 626 0467 04       		.byte	0x4
ARM GAS  C:\Users\Labeo\AppData\Local\Temp\ccTVo470.s 			page 13


 627 0468 92       		.byte	0x92
 628 0469 B8000000 		.4byte	0xb8
 629 046d 98       		.byte	0x98
 630 046e 07       		.uleb128 0x7
 631 046f 32090000 		.4byte	.LASF95
 632 0473 04       		.byte	0x4
 633 0474 93       		.byte	0x93
 634 0475 B8000000 		.4byte	0xb8
 635 0479 9C       		.byte	0x9c
 636 047a 07       		.uleb128 0x7
 637 047b 52010000 		.4byte	.LASF96
 638 047f 04       		.byte	0x4
 639 0480 94       		.byte	0x94
 640 0481 B8000000 		.4byte	0xb8
 641 0485 A0       		.byte	0xa0
 642 0486 07       		.uleb128 0x7
 643 0487 08020000 		.4byte	.LASF97
 644 048b 04       		.byte	0x4
 645 048c 95       		.byte	0x95
 646 048d AD000000 		.4byte	0xad
 647 0491 A4       		.byte	0xa4
 648 0492 07       		.uleb128 0x7
 649 0493 DD040000 		.4byte	.LASF98
 650 0497 04       		.byte	0x4
 651 0498 96       		.byte	0x96
 652 0499 AD000000 		.4byte	0xad
 653 049d A6       		.byte	0xa6
 654 049e 07       		.uleb128 0x7
 655 049f 18060000 		.4byte	.LASF99
 656 04a3 04       		.byte	0x4
 657 04a4 97       		.byte	0x97
 658 04a5 AD000000 		.4byte	0xad
 659 04a9 A8       		.byte	0xa8
 660 04aa 07       		.uleb128 0x7
 661 04ab 89070000 		.4byte	.LASF100
 662 04af 04       		.byte	0x4
 663 04b0 98       		.byte	0x98
 664 04b1 AD000000 		.4byte	0xad
 665 04b5 AA       		.byte	0xaa
 666 04b6 07       		.uleb128 0x7
 667 04b7 68040000 		.4byte	.LASF101
 668 04bb 04       		.byte	0x4
 669 04bc 99       		.byte	0x99
 670 04bd AD000000 		.4byte	0xad
 671 04c1 AC       		.byte	0xac
 672 04c2 07       		.uleb128 0x7
 673 04c3 99050000 		.4byte	.LASF102
 674 04c7 04       		.byte	0x4
 675 04c8 9A       		.byte	0x9a
 676 04c9 AD000000 		.4byte	0xad
 677 04cd AE       		.byte	0xae
 678 04ce 07       		.uleb128 0x7
 679 04cf E9050000 		.4byte	.LASF103
 680 04d3 04       		.byte	0x4
 681 04d4 9D       		.byte	0x9d
 682 04d5 AD000000 		.4byte	0xad
 683 04d9 B0       		.byte	0xb0
ARM GAS  C:\Users\Labeo\AppData\Local\Temp\ccTVo470.s 			page 14


 684 04da 07       		.uleb128 0x7
 685 04db 4B000000 		.4byte	.LASF104
 686 04df 04       		.byte	0x4
 687 04e0 9E       		.byte	0x9e
 688 04e1 B8000000 		.4byte	0xb8
 689 04e5 B4       		.byte	0xb4
 690 04e6 00       		.byte	0
 691 04e7 03       		.uleb128 0x3
 692 04e8 A8040000 		.4byte	.LASF105
 693 04ec 04       		.byte	0x4
 694 04ed 9F       		.byte	0x9f
 695 04ee D6000000 		.4byte	0xd6
 696 04f2 02       		.uleb128 0x2
 697 04f3 01       		.byte	0x1
 698 04f4 08       		.byte	0x8
 699 04f5 6D070000 		.4byte	.LASF106
 700 04f9 02       		.uleb128 0x2
 701 04fa 04       		.byte	0x4
 702 04fb 04       		.byte	0x4
 703 04fc F7050000 		.4byte	.LASF107
 704 0500 02       		.uleb128 0x2
 705 0501 08       		.byte	0x8
 706 0502 04       		.byte	0x4
 707 0503 90020000 		.4byte	.LASF108
 708 0507 08       		.uleb128 0x8
 709 0508 01       		.byte	0x1
 710 0509 2C000000 		.4byte	0x2c
 711 050d 0A       		.byte	0xa
 712 050e 2305     		.2byte	0x523
 713 0510 21050000 		.4byte	0x521
 714 0514 09       		.uleb128 0x9
 715 0515 1D080000 		.4byte	.LASF109
 716 0519 00       		.byte	0
 717 051a 09       		.uleb128 0x9
 718 051b B5070000 		.4byte	.LASF110
 719 051f 01       		.byte	0x1
 720 0520 00       		.byte	0
 721 0521 0A       		.uleb128 0xa
 722 0522 04       		.byte	0x4
 723 0523 02       		.uleb128 0x2
 724 0524 01       		.byte	0x1
 725 0525 02       		.byte	0x2
 726 0526 5B070000 		.4byte	.LASF111
 727 052a 0B       		.uleb128 0xb
 728 052b 04       		.byte	0x4
 729 052c 30050000 		.4byte	0x530
 730 0530 0C       		.uleb128 0xc
 731 0531 3B050000 		.4byte	0x53b
 732 0535 0D       		.uleb128 0xd
 733 0536 B8000000 		.4byte	0xb8
 734 053a 00       		.byte	0
 735 053b 0E       		.uleb128 0xe
 736 053c 1D020000 		.4byte	.LASF112
 737 0540 05       		.byte	0x5
 738 0541 F201     		.2byte	0x1f2
 739 0543 2A050000 		.4byte	0x52a
 740 0547 0F       		.uleb128 0xf
ARM GAS  C:\Users\Labeo\AppData\Local\Temp\ccTVo470.s 			page 15


 741 0548 C8010000 		.4byte	.LASF123
 742 054c 24       		.byte	0x24
 743 054d 05       		.byte	0x5
 744 054e 7402     		.2byte	0x274
 745 0550 CA050000 		.4byte	0x5ca
 746 0554 10       		.uleb128 0x10
 747 0555 AF080000 		.4byte	.LASF113
 748 0559 05       		.byte	0x5
 749 055a 7702     		.2byte	0x277
 750 055c CA000000 		.4byte	0xca
 751 0560 00       		.byte	0
 752 0561 10       		.uleb128 0x10
 753 0562 9D080000 		.4byte	.LASF114
 754 0566 05       		.byte	0x5
 755 0567 7902     		.2byte	0x279
 756 0569 21050000 		.4byte	0x521
 757 056d 04       		.byte	0x4
 758 056e 10       		.uleb128 0x10
 759 056f 1A000000 		.4byte	.LASF115
 760 0573 05       		.byte	0x5
 761 0574 7A02     		.2byte	0x27a
 762 0576 B8000000 		.4byte	0xb8
 763 057a 08       		.byte	0x8
 764 057b 10       		.uleb128 0x10
 765 057c 3E030000 		.4byte	.LASF116
 766 0580 05       		.byte	0x5
 767 0581 7B02     		.2byte	0x27b
 768 0583 CA000000 		.4byte	0xca
 769 0587 0C       		.byte	0xc
 770 0588 10       		.uleb128 0x10
 771 0589 68010000 		.4byte	.LASF117
 772 058d 05       		.byte	0x5
 773 058e 7D02     		.2byte	0x27d
 774 0590 21050000 		.4byte	0x521
 775 0594 10       		.byte	0x10
 776 0595 10       		.uleb128 0x10
 777 0596 5C030000 		.4byte	.LASF118
 778 059a 05       		.byte	0x5
 779 059b 7E02     		.2byte	0x27e
 780 059d B8000000 		.4byte	0xb8
 781 05a1 14       		.byte	0x14
 782 05a2 10       		.uleb128 0x10
 783 05a3 A2090000 		.4byte	.LASF119
 784 05a7 05       		.byte	0x5
 785 05a8 7F02     		.2byte	0x27f
 786 05aa CA000000 		.4byte	0xca
 787 05ae 18       		.byte	0x18
 788 05af 10       		.uleb128 0x10
 789 05b0 76040000 		.4byte	.LASF120
 790 05b4 05       		.byte	0x5
 791 05b5 8502     		.2byte	0x285
 792 05b7 3B050000 		.4byte	0x53b
 793 05bb 1C       		.byte	0x1c
 794 05bc 10       		.uleb128 0x10
 795 05bd 95080000 		.4byte	.LASF121
 796 05c1 05       		.byte	0x5
 797 05c2 8802     		.2byte	0x288
ARM GAS  C:\Users\Labeo\AppData\Local\Temp\ccTVo470.s 			page 16


 798 05c4 B8000000 		.4byte	0xb8
 799 05c8 20       		.byte	0x20
 800 05c9 00       		.byte	0
 801 05ca 0E       		.uleb128 0xe
 802 05cb B8040000 		.4byte	.LASF122
 803 05cf 05       		.byte	0x5
 804 05d0 8B02     		.2byte	0x28b
 805 05d2 47050000 		.4byte	0x547
 806 05d6 11       		.uleb128 0x11
 807 05d7 41050000 		.4byte	.LASF124
 808 05db 4C       		.byte	0x4c
 809 05dc 06       		.byte	0x6
 810 05dd 2F       		.byte	0x2f
 811 05de C7060000 		.4byte	0x6c7
 812 05e2 07       		.uleb128 0x7
 813 05e3 FC000000 		.4byte	.LASF125
 814 05e7 06       		.byte	0x6
 815 05e8 31       		.byte	0x31
 816 05e9 B8000000 		.4byte	0xb8
 817 05ed 00       		.byte	0
 818 05ee 07       		.uleb128 0x7
 819 05ef 33010000 		.4byte	.LASF126
 820 05f3 06       		.byte	0x6
 821 05f4 33       		.byte	0x33
 822 05f5 B8000000 		.4byte	0xb8
 823 05f9 04       		.byte	0x4
 824 05fa 07       		.uleb128 0x7
 825 05fb 12000000 		.4byte	.LASF127
 826 05ff 06       		.byte	0x6
 827 0600 34       		.byte	0x34
 828 0601 B8000000 		.4byte	0xb8
 829 0605 08       		.byte	0x8
 830 0606 07       		.uleb128 0x7
 831 0607 D5000000 		.4byte	.LASF128
 832 060b 06       		.byte	0x6
 833 060c 35       		.byte	0x35
 834 060d B8000000 		.4byte	0xb8
 835 0611 0C       		.byte	0xc
 836 0612 07       		.uleb128 0x7
 837 0613 91060000 		.4byte	.LASF129
 838 0617 06       		.byte	0x6
 839 0618 37       		.byte	0x37
 840 0619 B8000000 		.4byte	0xb8
 841 061d 10       		.byte	0x10
 842 061e 07       		.uleb128 0x7
 843 061f 46080000 		.4byte	.LASF130
 844 0623 06       		.byte	0x6
 845 0624 38       		.byte	0x38
 846 0625 B8000000 		.4byte	0xb8
 847 0629 14       		.byte	0x14
 848 062a 07       		.uleb128 0x7
 849 062b 64080000 		.4byte	.LASF131
 850 062f 06       		.byte	0x6
 851 0630 39       		.byte	0x39
 852 0631 B8000000 		.4byte	0xb8
 853 0635 18       		.byte	0x18
 854 0636 07       		.uleb128 0x7
ARM GAS  C:\Users\Labeo\AppData\Local\Temp\ccTVo470.s 			page 17


 855 0637 1F040000 		.4byte	.LASF132
 856 063b 06       		.byte	0x6
 857 063c 3A       		.byte	0x3a
 858 063d 23050000 		.4byte	0x523
 859 0641 1C       		.byte	0x1c
 860 0642 07       		.uleb128 0x7
 861 0643 DA070000 		.4byte	.LASF133
 862 0647 06       		.byte	0x6
 863 0648 3C       		.byte	0x3c
 864 0649 B8000000 		.4byte	0xb8
 865 064d 20       		.byte	0x20
 866 064e 07       		.uleb128 0x7
 867 064f BC020000 		.4byte	.LASF134
 868 0653 06       		.byte	0x6
 869 0654 3D       		.byte	0x3d
 870 0655 B8000000 		.4byte	0xb8
 871 0659 24       		.byte	0x24
 872 065a 07       		.uleb128 0x7
 873 065b 0F010000 		.4byte	.LASF135
 874 065f 06       		.byte	0x6
 875 0660 3F       		.byte	0x3f
 876 0661 B8000000 		.4byte	0xb8
 877 0665 28       		.byte	0x28
 878 0666 07       		.uleb128 0x7
 879 0667 22090000 		.4byte	.LASF136
 880 066b 06       		.byte	0x6
 881 066c 40       		.byte	0x40
 882 066d B8000000 		.4byte	0xb8
 883 0671 2C       		.byte	0x2c
 884 0672 07       		.uleb128 0x7
 885 0673 EB070000 		.4byte	.LASF137
 886 0677 06       		.byte	0x6
 887 0678 42       		.byte	0x42
 888 0679 B8000000 		.4byte	0xb8
 889 067d 30       		.byte	0x30
 890 067e 07       		.uleb128 0x7
 891 067f 42060000 		.4byte	.LASF138
 892 0683 06       		.byte	0x6
 893 0684 43       		.byte	0x43
 894 0685 B8000000 		.4byte	0xb8
 895 0689 34       		.byte	0x34
 896 068a 07       		.uleb128 0x7
 897 068b 08050000 		.4byte	.LASF139
 898 068f 06       		.byte	0x6
 899 0690 45       		.byte	0x45
 900 0691 B8000000 		.4byte	0xb8
 901 0695 38       		.byte	0x38
 902 0696 07       		.uleb128 0x7
 903 0697 E4000000 		.4byte	.LASF140
 904 069b 06       		.byte	0x6
 905 069c 46       		.byte	0x46
 906 069d B8000000 		.4byte	0xb8
 907 06a1 3C       		.byte	0x3c
 908 06a2 07       		.uleb128 0x7
 909 06a3 13080000 		.4byte	.LASF141
 910 06a7 06       		.byte	0x6
 911 06a8 48       		.byte	0x48
ARM GAS  C:\Users\Labeo\AppData\Local\Temp\ccTVo470.s 			page 18


 912 06a9 B8000000 		.4byte	0xb8
 913 06ad 40       		.byte	0x40
 914 06ae 07       		.uleb128 0x7
 915 06af 48090000 		.4byte	.LASF142
 916 06b3 06       		.byte	0x6
 917 06b4 49       		.byte	0x49
 918 06b5 B8000000 		.4byte	0xb8
 919 06b9 44       		.byte	0x44
 920 06ba 07       		.uleb128 0x7
 921 06bb 72070000 		.4byte	.LASF143
 922 06bf 06       		.byte	0x6
 923 06c0 4B       		.byte	0x4b
 924 06c1 B8000000 		.4byte	0xb8
 925 06c5 48       		.byte	0x48
 926 06c6 00       		.byte	0
 927 06c7 03       		.uleb128 0x3
 928 06c8 AA010000 		.4byte	.LASF144
 929 06cc 06       		.byte	0x6
 930 06cd 4C       		.byte	0x4c
 931 06ce D6050000 		.4byte	0x5d6
 932 06d2 12       		.uleb128 0x12
 933 06d3 B7020000 		.4byte	.LASF153
 934 06d7 01       		.byte	0x1
 935 06d8 2E       		.byte	0x2e
 936 06d9 89000000 		.4byte	0x89
 937 06dd 00000000 		.4byte	.LFB468
 938 06e1 14000000 		.4byte	.LFE468-.LFB468
 939 06e5 01       		.uleb128 0x1
 940 06e6 9C       		.byte	0x9c
 941 06e7 12070000 		.4byte	0x712
 942 06eb 13       		.uleb128 0x13
 943 06ec 08000000 		.4byte	.LVL0
 944 06f0 43070000 		.4byte	0x743
 945 06f4 02070000 		.4byte	0x702
 946 06f8 14       		.uleb128 0x14
 947 06f9 01       		.uleb128 0x1
 948 06fa 50       		.byte	0x50
 949 06fb 05       		.uleb128 0x5
 950 06fc 0C       		.byte	0xc
 951 06fd 00000810 		.4byte	0x10080000
 952 0701 00       		.byte	0
 953 0702 15       		.uleb128 0x15
 954 0703 0E000000 		.4byte	.LVL1
 955 0707 4F070000 		.4byte	0x74f
 956 070b 14       		.uleb128 0x14
 957 070c 01       		.uleb128 0x1
 958 070d 50       		.byte	0x50
 959 070e 01       		.uleb128 0x1
 960 070f 30       		.byte	0x30
 961 0710 00       		.byte	0
 962 0711 00       		.byte	0
 963 0712 16       		.uleb128 0x16
 964 0713 0E060000 		.4byte	.LASF145
 965 0717 04       		.byte	0x4
 966 0718 A7       		.byte	0xa7
 967 0719 1D070000 		.4byte	0x71d
 968 071d 0B       		.uleb128 0xb
ARM GAS  C:\Users\Labeo\AppData\Local\Temp\ccTVo470.s 			page 19


 969 071e 04       		.byte	0x4
 970 071f 23070000 		.4byte	0x723
 971 0723 17       		.uleb128 0x17
 972 0724 E7040000 		.4byte	0x4e7
 973 0728 16       		.uleb128 0x16
 974 0729 4F080000 		.4byte	.LASF146
 975 072d 07       		.byte	0x7
 976 072e 5E       		.byte	0x5e
 977 072f CA050000 		.4byte	0x5ca
 978 0733 16       		.uleb128 0x16
 979 0734 E3080000 		.4byte	.LASF147
 980 0738 08       		.byte	0x8
 981 0739 1F       		.byte	0x1f
 982 073a 3E070000 		.4byte	0x73e
 983 073e 17       		.uleb128 0x17
 984 073f C7060000 		.4byte	0x6c7
 985 0743 18       		.uleb128 0x18
 986 0744 8C040000 		.4byte	.LASF148
 987 0748 8C040000 		.4byte	.LASF148
 988 074c 09       		.byte	0x9
 989 074d 1802     		.2byte	0x218
 990 074f 18       		.uleb128 0x18
 991 0750 19030000 		.4byte	.LASF149
 992 0754 19030000 		.4byte	.LASF149
 993 0758 0A       		.byte	0xa
 994 0759 4806     		.2byte	0x648
 995 075b 00       		.byte	0
 996              		.section	.debug_abbrev,"",%progbits
 997              	.Ldebug_abbrev0:
 998 0000 01       		.uleb128 0x1
 999 0001 11       		.uleb128 0x11
 1000 0002 01       		.byte	0x1
 1001 0003 25       		.uleb128 0x25
 1002 0004 0E       		.uleb128 0xe
 1003 0005 13       		.uleb128 0x13
 1004 0006 0B       		.uleb128 0xb
 1005 0007 03       		.uleb128 0x3
 1006 0008 0E       		.uleb128 0xe
 1007 0009 1B       		.uleb128 0x1b
 1008 000a 0E       		.uleb128 0xe
 1009 000b 55       		.uleb128 0x55
 1010 000c 17       		.uleb128 0x17
 1011 000d 11       		.uleb128 0x11
 1012 000e 01       		.uleb128 0x1
 1013 000f 10       		.uleb128 0x10
 1014 0010 17       		.uleb128 0x17
 1015 0011 00       		.byte	0
 1016 0012 00       		.byte	0
 1017 0013 02       		.uleb128 0x2
 1018 0014 24       		.uleb128 0x24
 1019 0015 00       		.byte	0
 1020 0016 0B       		.uleb128 0xb
 1021 0017 0B       		.uleb128 0xb
 1022 0018 3E       		.uleb128 0x3e
 1023 0019 0B       		.uleb128 0xb
 1024 001a 03       		.uleb128 0x3
 1025 001b 0E       		.uleb128 0xe
ARM GAS  C:\Users\Labeo\AppData\Local\Temp\ccTVo470.s 			page 20


 1026 001c 00       		.byte	0
 1027 001d 00       		.byte	0
 1028 001e 03       		.uleb128 0x3
 1029 001f 16       		.uleb128 0x16
 1030 0020 00       		.byte	0
 1031 0021 03       		.uleb128 0x3
 1032 0022 0E       		.uleb128 0xe
 1033 0023 3A       		.uleb128 0x3a
 1034 0024 0B       		.uleb128 0xb
 1035 0025 3B       		.uleb128 0x3b
 1036 0026 0B       		.uleb128 0xb
 1037 0027 49       		.uleb128 0x49
 1038 0028 13       		.uleb128 0x13
 1039 0029 00       		.byte	0
 1040 002a 00       		.byte	0
 1041 002b 04       		.uleb128 0x4
 1042 002c 24       		.uleb128 0x24
 1043 002d 00       		.byte	0
 1044 002e 0B       		.uleb128 0xb
 1045 002f 0B       		.uleb128 0xb
 1046 0030 3E       		.uleb128 0x3e
 1047 0031 0B       		.uleb128 0xb
 1048 0032 03       		.uleb128 0x3
 1049 0033 08       		.uleb128 0x8
 1050 0034 00       		.byte	0
 1051 0035 00       		.byte	0
 1052 0036 05       		.uleb128 0x5
 1053 0037 35       		.uleb128 0x35
 1054 0038 00       		.byte	0
 1055 0039 49       		.uleb128 0x49
 1056 003a 13       		.uleb128 0x13
 1057 003b 00       		.byte	0
 1058 003c 00       		.byte	0
 1059 003d 06       		.uleb128 0x6
 1060 003e 13       		.uleb128 0x13
 1061 003f 01       		.byte	0x1
 1062 0040 0B       		.uleb128 0xb
 1063 0041 0B       		.uleb128 0xb
 1064 0042 3A       		.uleb128 0x3a
 1065 0043 0B       		.uleb128 0xb
 1066 0044 3B       		.uleb128 0x3b
 1067 0045 0B       		.uleb128 0xb
 1068 0046 01       		.uleb128 0x1
 1069 0047 13       		.uleb128 0x13
 1070 0048 00       		.byte	0
 1071 0049 00       		.byte	0
 1072 004a 07       		.uleb128 0x7
 1073 004b 0D       		.uleb128 0xd
 1074 004c 00       		.byte	0
 1075 004d 03       		.uleb128 0x3
 1076 004e 0E       		.uleb128 0xe
 1077 004f 3A       		.uleb128 0x3a
 1078 0050 0B       		.uleb128 0xb
 1079 0051 3B       		.uleb128 0x3b
 1080 0052 0B       		.uleb128 0xb
 1081 0053 49       		.uleb128 0x49
 1082 0054 13       		.uleb128 0x13
ARM GAS  C:\Users\Labeo\AppData\Local\Temp\ccTVo470.s 			page 21


 1083 0055 38       		.uleb128 0x38
 1084 0056 0B       		.uleb128 0xb
 1085 0057 00       		.byte	0
 1086 0058 00       		.byte	0
 1087 0059 08       		.uleb128 0x8
 1088 005a 04       		.uleb128 0x4
 1089 005b 01       		.byte	0x1
 1090 005c 0B       		.uleb128 0xb
 1091 005d 0B       		.uleb128 0xb
 1092 005e 49       		.uleb128 0x49
 1093 005f 13       		.uleb128 0x13
 1094 0060 3A       		.uleb128 0x3a
 1095 0061 0B       		.uleb128 0xb
 1096 0062 3B       		.uleb128 0x3b
 1097 0063 05       		.uleb128 0x5
 1098 0064 01       		.uleb128 0x1
 1099 0065 13       		.uleb128 0x13
 1100 0066 00       		.byte	0
 1101 0067 00       		.byte	0
 1102 0068 09       		.uleb128 0x9
 1103 0069 28       		.uleb128 0x28
 1104 006a 00       		.byte	0
 1105 006b 03       		.uleb128 0x3
 1106 006c 0E       		.uleb128 0xe
 1107 006d 1C       		.uleb128 0x1c
 1108 006e 0B       		.uleb128 0xb
 1109 006f 00       		.byte	0
 1110 0070 00       		.byte	0
 1111 0071 0A       		.uleb128 0xa
 1112 0072 0F       		.uleb128 0xf
 1113 0073 00       		.byte	0
 1114 0074 0B       		.uleb128 0xb
 1115 0075 0B       		.uleb128 0xb
 1116 0076 00       		.byte	0
 1117 0077 00       		.byte	0
 1118 0078 0B       		.uleb128 0xb
 1119 0079 0F       		.uleb128 0xf
 1120 007a 00       		.byte	0
 1121 007b 0B       		.uleb128 0xb
 1122 007c 0B       		.uleb128 0xb
 1123 007d 49       		.uleb128 0x49
 1124 007e 13       		.uleb128 0x13
 1125 007f 00       		.byte	0
 1126 0080 00       		.byte	0
 1127 0081 0C       		.uleb128 0xc
 1128 0082 15       		.uleb128 0x15
 1129 0083 01       		.byte	0x1
 1130 0084 27       		.uleb128 0x27
 1131 0085 19       		.uleb128 0x19
 1132 0086 01       		.uleb128 0x1
 1133 0087 13       		.uleb128 0x13
 1134 0088 00       		.byte	0
 1135 0089 00       		.byte	0
 1136 008a 0D       		.uleb128 0xd
 1137 008b 05       		.uleb128 0x5
 1138 008c 00       		.byte	0
 1139 008d 49       		.uleb128 0x49
ARM GAS  C:\Users\Labeo\AppData\Local\Temp\ccTVo470.s 			page 22


 1140 008e 13       		.uleb128 0x13
 1141 008f 00       		.byte	0
 1142 0090 00       		.byte	0
 1143 0091 0E       		.uleb128 0xe
 1144 0092 16       		.uleb128 0x16
 1145 0093 00       		.byte	0
 1146 0094 03       		.uleb128 0x3
 1147 0095 0E       		.uleb128 0xe
 1148 0096 3A       		.uleb128 0x3a
 1149 0097 0B       		.uleb128 0xb
 1150 0098 3B       		.uleb128 0x3b
 1151 0099 05       		.uleb128 0x5
 1152 009a 49       		.uleb128 0x49
 1153 009b 13       		.uleb128 0x13
 1154 009c 00       		.byte	0
 1155 009d 00       		.byte	0
 1156 009e 0F       		.uleb128 0xf
 1157 009f 13       		.uleb128 0x13
 1158 00a0 01       		.byte	0x1
 1159 00a1 03       		.uleb128 0x3
 1160 00a2 0E       		.uleb128 0xe
 1161 00a3 0B       		.uleb128 0xb
 1162 00a4 0B       		.uleb128 0xb
 1163 00a5 3A       		.uleb128 0x3a
 1164 00a6 0B       		.uleb128 0xb
 1165 00a7 3B       		.uleb128 0x3b
 1166 00a8 05       		.uleb128 0x5
 1167 00a9 01       		.uleb128 0x1
 1168 00aa 13       		.uleb128 0x13
 1169 00ab 00       		.byte	0
 1170 00ac 00       		.byte	0
 1171 00ad 10       		.uleb128 0x10
 1172 00ae 0D       		.uleb128 0xd
 1173 00af 00       		.byte	0
 1174 00b0 03       		.uleb128 0x3
 1175 00b1 0E       		.uleb128 0xe
 1176 00b2 3A       		.uleb128 0x3a
 1177 00b3 0B       		.uleb128 0xb
 1178 00b4 3B       		.uleb128 0x3b
 1179 00b5 05       		.uleb128 0x5
 1180 00b6 49       		.uleb128 0x49
 1181 00b7 13       		.uleb128 0x13
 1182 00b8 38       		.uleb128 0x38
 1183 00b9 0B       		.uleb128 0xb
 1184 00ba 00       		.byte	0
 1185 00bb 00       		.byte	0
 1186 00bc 11       		.uleb128 0x11
 1187 00bd 13       		.uleb128 0x13
 1188 00be 01       		.byte	0x1
 1189 00bf 03       		.uleb128 0x3
 1190 00c0 0E       		.uleb128 0xe
 1191 00c1 0B       		.uleb128 0xb
 1192 00c2 0B       		.uleb128 0xb
 1193 00c3 3A       		.uleb128 0x3a
 1194 00c4 0B       		.uleb128 0xb
 1195 00c5 3B       		.uleb128 0x3b
 1196 00c6 0B       		.uleb128 0xb
ARM GAS  C:\Users\Labeo\AppData\Local\Temp\ccTVo470.s 			page 23


 1197 00c7 01       		.uleb128 0x1
 1198 00c8 13       		.uleb128 0x13
 1199 00c9 00       		.byte	0
 1200 00ca 00       		.byte	0
 1201 00cb 12       		.uleb128 0x12
 1202 00cc 2E       		.uleb128 0x2e
 1203 00cd 01       		.byte	0x1
 1204 00ce 3F       		.uleb128 0x3f
 1205 00cf 19       		.uleb128 0x19
 1206 00d0 03       		.uleb128 0x3
 1207 00d1 0E       		.uleb128 0xe
 1208 00d2 3A       		.uleb128 0x3a
 1209 00d3 0B       		.uleb128 0xb
 1210 00d4 3B       		.uleb128 0x3b
 1211 00d5 0B       		.uleb128 0xb
 1212 00d6 27       		.uleb128 0x27
 1213 00d7 19       		.uleb128 0x19
 1214 00d8 49       		.uleb128 0x49
 1215 00d9 13       		.uleb128 0x13
 1216 00da 8701     		.uleb128 0x87
 1217 00dc 19       		.uleb128 0x19
 1218 00dd 11       		.uleb128 0x11
 1219 00de 01       		.uleb128 0x1
 1220 00df 12       		.uleb128 0x12
 1221 00e0 06       		.uleb128 0x6
 1222 00e1 40       		.uleb128 0x40
 1223 00e2 18       		.uleb128 0x18
 1224 00e3 9742     		.uleb128 0x2117
 1225 00e5 19       		.uleb128 0x19
 1226 00e6 01       		.uleb128 0x1
 1227 00e7 13       		.uleb128 0x13
 1228 00e8 00       		.byte	0
 1229 00e9 00       		.byte	0
 1230 00ea 13       		.uleb128 0x13
 1231 00eb 898201   		.uleb128 0x4109
 1232 00ee 01       		.byte	0x1
 1233 00ef 11       		.uleb128 0x11
 1234 00f0 01       		.uleb128 0x1
 1235 00f1 31       		.uleb128 0x31
 1236 00f2 13       		.uleb128 0x13
 1237 00f3 01       		.uleb128 0x1
 1238 00f4 13       		.uleb128 0x13
 1239 00f5 00       		.byte	0
 1240 00f6 00       		.byte	0
 1241 00f7 14       		.uleb128 0x14
 1242 00f8 8A8201   		.uleb128 0x410a
 1243 00fb 00       		.byte	0
 1244 00fc 02       		.uleb128 0x2
 1245 00fd 18       		.uleb128 0x18
 1246 00fe 9142     		.uleb128 0x2111
 1247 0100 18       		.uleb128 0x18
 1248 0101 00       		.byte	0
 1249 0102 00       		.byte	0
 1250 0103 15       		.uleb128 0x15
 1251 0104 898201   		.uleb128 0x4109
 1252 0107 01       		.byte	0x1
 1253 0108 11       		.uleb128 0x11
ARM GAS  C:\Users\Labeo\AppData\Local\Temp\ccTVo470.s 			page 24


 1254 0109 01       		.uleb128 0x1
 1255 010a 31       		.uleb128 0x31
 1256 010b 13       		.uleb128 0x13
 1257 010c 00       		.byte	0
 1258 010d 00       		.byte	0
 1259 010e 16       		.uleb128 0x16
 1260 010f 34       		.uleb128 0x34
 1261 0110 00       		.byte	0
 1262 0111 03       		.uleb128 0x3
 1263 0112 0E       		.uleb128 0xe
 1264 0113 3A       		.uleb128 0x3a
 1265 0114 0B       		.uleb128 0xb
 1266 0115 3B       		.uleb128 0x3b
 1267 0116 0B       		.uleb128 0xb
 1268 0117 49       		.uleb128 0x49
 1269 0118 13       		.uleb128 0x13
 1270 0119 3F       		.uleb128 0x3f
 1271 011a 19       		.uleb128 0x19
 1272 011b 3C       		.uleb128 0x3c
 1273 011c 19       		.uleb128 0x19
 1274 011d 00       		.byte	0
 1275 011e 00       		.byte	0
 1276 011f 17       		.uleb128 0x17
 1277 0120 26       		.uleb128 0x26
 1278 0121 00       		.byte	0
 1279 0122 49       		.uleb128 0x49
 1280 0123 13       		.uleb128 0x13
 1281 0124 00       		.byte	0
 1282 0125 00       		.byte	0
 1283 0126 18       		.uleb128 0x18
 1284 0127 2E       		.uleb128 0x2e
 1285 0128 00       		.byte	0
 1286 0129 3F       		.uleb128 0x3f
 1287 012a 19       		.uleb128 0x19
 1288 012b 3C       		.uleb128 0x3c
 1289 012c 19       		.uleb128 0x19
 1290 012d 6E       		.uleb128 0x6e
 1291 012e 0E       		.uleb128 0xe
 1292 012f 03       		.uleb128 0x3
 1293 0130 0E       		.uleb128 0xe
 1294 0131 3A       		.uleb128 0x3a
 1295 0132 0B       		.uleb128 0xb
 1296 0133 3B       		.uleb128 0x3b
 1297 0134 05       		.uleb128 0x5
 1298 0135 00       		.byte	0
 1299 0136 00       		.byte	0
 1300 0137 00       		.byte	0
 1301              		.section	.debug_aranges,"",%progbits
 1302 0000 1C000000 		.4byte	0x1c
 1303 0004 0200     		.2byte	0x2
 1304 0006 00000000 		.4byte	.Ldebug_info0
 1305 000a 04       		.byte	0x4
 1306 000b 00       		.byte	0
 1307 000c 0000     		.2byte	0
 1308 000e 0000     		.2byte	0
 1309 0010 00000000 		.4byte	.LFB468
 1310 0014 14000000 		.4byte	.LFE468-.LFB468
ARM GAS  C:\Users\Labeo\AppData\Local\Temp\ccTVo470.s 			page 25


 1311 0018 00000000 		.4byte	0
 1312 001c 00000000 		.4byte	0
 1313              		.section	.debug_ranges,"",%progbits
 1314              	.Ldebug_ranges0:
 1315 0000 00000000 		.4byte	.LFB468
 1316 0004 14000000 		.4byte	.LFE468
 1317 0008 00000000 		.4byte	0
 1318 000c 00000000 		.4byte	0
 1319              		.section	.debug_line,"",%progbits
 1320              	.Ldebug_line0:
 1321 0000 9C020000 		.section	.debug_str,"MS",%progbits,1
 1321      02008102 
 1321      00000201 
 1321      FB0E0D00 
 1321      01010101 
 1322              	.LASF54:
 1323 0000 70726F74 		.ascii	"protBusMasterMask\000"
 1323      4275734D 
 1323      61737465 
 1323      724D6173 
 1323      6B00
 1324              	.LASF127:
 1325 0012 72756E4D 		.ascii	"runMode\000"
 1325      6F646500 
 1326              	.LASF115:
 1327 001a 72784275 		.ascii	"rxBufSize\000"
 1327      6653697A 
 1327      6500
 1328              	.LASF64:
 1329 0024 666C6173 		.ascii	"flashCtlMainWs3Freq\000"
 1329      6843746C 
 1329      4D61696E 
 1329      57733346 
 1329      72657100 
 1330              	.LASF86:
 1331 0038 6770696F 		.ascii	"gpioPrtCfgInOffset\000"
 1331      50727443 
 1331      6667496E 
 1331      4F666673 
 1331      657400
 1332              	.LASF104:
 1333 004b 6970634C 		.ascii	"ipcLockStatusOffset\000"
 1333      6F636B53 
 1333      74617475 
 1333      734F6666 
 1333      73657400 
 1334              	.LASF30:
 1335 005f 63727970 		.ascii	"cryptoVersion\000"
 1335      746F5665 
 1335      7273696F 
 1335      6E00
 1336              	.LASF68:
 1337 006d 64774368 		.ascii	"dwChCtlPrioPos\000"
 1337      43746C50 
 1337      72696F50 
 1337      6F7300
 1338              	.LASF26:
ARM GAS  C:\Users\Labeo\AppData\Local\Temp\ccTVo470.s 			page 26


 1339 007c 70617373 		.ascii	"passBase\000"
 1339      42617365 
 1339      00
 1340              	.LASF151:
 1341 0085 6D61696E 		.ascii	"main_cm0p.c\000"
 1341      5F636D30 
 1341      702E6300 
 1342              	.LASF39:
 1343 0091 63707573 		.ascii	"cpussIpcIrqNr\000"
 1343      73497063 
 1343      4972714E 
 1343      7200
 1344              	.LASF3:
 1345 009f 5F5F7569 		.ascii	"__uint8_t\000"
 1345      6E74385F 
 1345      7400
 1346              	.LASF83:
 1347 00a9 70657269 		.ascii	"periDiv24_5CtlOffset\000"
 1347      44697632 
 1347      345F3543 
 1347      746C4F66 
 1347      66736574 
 1348              	.LASF90:
 1349 00be 63707573 		.ascii	"cpussCm4ClockCtlOffset\000"
 1349      73436D34 
 1349      436C6F63 
 1349      6B43746C 
 1349      4F666673 
 1350              	.LASF128:
 1351 00d5 636F756E 		.ascii	"countDirection\000"
 1351      74446972 
 1351      65637469 
 1351      6F6E00
 1352              	.LASF140:
 1353 00e4 73746F70 		.ascii	"stopInputMode\000"
 1353      496E7075 
 1353      744D6F64 
 1353      6500
 1354              	.LASF19:
 1355 00f2 63707573 		.ascii	"cpussBase\000"
 1355      73426173 
 1355      6500
 1356              	.LASF125:
 1357 00fc 70657269 		.ascii	"period\000"
 1357      6F6400
 1358              	.LASF48:
 1359 0103 70657269 		.ascii	"periClockNr\000"
 1359      436C6F63 
 1359      6B4E7200 
 1360              	.LASF135:
 1361 010f 63617074 		.ascii	"captureInput\000"
 1361      75726549 
 1361      6E707574 
 1361      00
 1362              	.LASF11:
 1363 011c 6C6F6E67 		.ascii	"long long unsigned int\000"
 1363      206C6F6E 
ARM GAS  C:\Users\Labeo\AppData\Local\Temp\ccTVo470.s 			page 27


 1363      6720756E 
 1363      7369676E 
 1363      65642069 
 1364              	.LASF126:
 1365 0133 636C6F63 		.ascii	"clockPrescaler\000"
 1365      6B507265 
 1365      7363616C 
 1365      657200
 1366              	.LASF72:
 1367 0142 70657269 		.ascii	"periTrCmdOffset\000"
 1367      5472436D 
 1367      644F6666 
 1367      73657400 
 1368              	.LASF96:
 1369 0152 63707573 		.ascii	"cpussSysTickCtlOffset\000"
 1369      73537973 
 1369      5469636B 
 1369      43746C4F 
 1369      66667365 
 1370              	.LASF117:
 1371 0168 74784275 		.ascii	"txBuf\000"
 1371      6600
 1372              	.LASF57:
 1373 016e 666C6173 		.ascii	"flashPipeRequired\000"
 1373      68506970 
 1373      65526571 
 1373      75697265 
 1373      6400
 1374              	.LASF61:
 1375 0180 666C6173 		.ascii	"flashCtlMainWs0Freq\000"
 1375      6843746C 
 1375      4D61696E 
 1375      57733046 
 1375      72657100 
 1376              	.LASF14:
 1377 0194 696E7431 		.ascii	"int16_t\000"
 1377      365F7400 
 1378              	.LASF10:
 1379 019c 6C6F6E67 		.ascii	"long long int\000"
 1379      206C6F6E 
 1379      6720696E 
 1379      7400
 1380              	.LASF144:
 1381 01aa 63795F73 		.ascii	"cy_stc_tcpwm_counter_config_t\000"
 1381      74635F74 
 1381      6370776D 
 1381      5F636F75 
 1381      6E746572 
 1382              	.LASF123:
 1383 01c8 63795F73 		.ascii	"cy_stc_scb_spi_context\000"
 1383      74635F73 
 1383      63625F73 
 1383      70695F63 
 1383      6F6E7465 
 1384              	.LASF77:
 1385 01df 70657269 		.ascii	"periDivCmdTypeSelPos\000"
 1385      44697643 
ARM GAS  C:\Users\Labeo\AppData\Local\Temp\ccTVo470.s 			page 28


 1385      6D645479 
 1385      70655365 
 1385      6C506F73 
 1386              	.LASF23:
 1387 01f4 70726F74 		.ascii	"protBase\000"
 1387      42617365 
 1387      00
 1388              	.LASF35:
 1389 01fd 69706356 		.ascii	"ipcVersion\000"
 1389      65727369 
 1389      6F6E00
 1390              	.LASF97:
 1391 0208 63707573 		.ascii	"cpussCm0NmiCtlOffset\000"
 1391      73436D30 
 1391      4E6D6943 
 1391      746C4F66 
 1391      66736574 
 1392              	.LASF112:
 1393 021d 63795F63 		.ascii	"cy_cb_scb_spi_handle_events_t\000"
 1393      625F7363 
 1393      625F7370 
 1393      695F6861 
 1393      6E646C65 
 1394              	.LASF45:
 1395 023b 73727373 		.ascii	"srssNumClkpath\000"
 1395      4E756D43 
 1395      6C6B7061 
 1395      746800
 1396              	.LASF24:
 1397 024a 6873696F 		.ascii	"hsiomBase\000"
 1397      6D426173 
 1397      6500
 1398              	.LASF7:
 1399 0254 6C6F6E67 		.ascii	"long int\000"
 1399      20696E74 
 1399      00
 1400              	.LASF55:
 1401 025d 63727970 		.ascii	"cryptoMemSize\000"
 1401      746F4D65 
 1401      6D53697A 
 1401      6500
 1402              	.LASF21:
 1403 026b 70657269 		.ascii	"periBase\000"
 1403      42617365 
 1403      00
 1404              	.LASF53:
 1405 0274 73797350 		.ascii	"sysPmSimoPresent\000"
 1405      6D53696D 
 1405      6F507265 
 1405      73656E74 
 1405      00
 1406              	.LASF43:
 1407 0285 63707573 		.ascii	"cpussFmIrq\000"
 1407      73466D49 
 1407      727100
 1408              	.LASF108:
 1409 0290 646F7562 		.ascii	"double\000"
ARM GAS  C:\Users\Labeo\AppData\Local\Temp\ccTVo470.s 			page 29


 1409      6C6500
 1410              	.LASF82:
 1411 0297 70657269 		.ascii	"periDiv16_5CtlOffset\000"
 1411      44697631 
 1411      365F3543 
 1411      746C4F66 
 1411      66736574 
 1412              	.LASF46:
 1413 02ac 73727373 		.ascii	"srssNumPll\000"
 1413      4E756D50 
 1413      6C6C00
 1414              	.LASF153:
 1415 02b7 6D61696E 		.ascii	"main\000"
 1415      00
 1416              	.LASF134:
 1417 02bc 63617074 		.ascii	"captureInputMode\000"
 1417      75726549 
 1417      6E707574 
 1417      4D6F6465 
 1417      00
 1418              	.LASF80:
 1419 02cd 70657269 		.ascii	"periDiv8CtlOffset\000"
 1419      44697638 
 1419      43746C4F 
 1419      66667365 
 1419      7400
 1420              	.LASF87:
 1421 02df 6770696F 		.ascii	"gpioPrtCfgOutOffset\000"
 1421      50727443 
 1421      66674F75 
 1421      744F6666 
 1421      73657400 
 1422              	.LASF20:
 1423 02f3 666C6173 		.ascii	"flashcBase\000"
 1423      68634261 
 1423      736500
 1424              	.LASF8:
 1425 02fe 5F5F7569 		.ascii	"__uint32_t\000"
 1425      6E743332 
 1425      5F7400
 1426              	.LASF50:
 1427 0309 70617373 		.ascii	"passSarChannels\000"
 1427      53617243 
 1427      68616E6E 
 1427      656C7300 
 1428              	.LASF149:
 1429 0319 43795F53 		.ascii	"Cy_SysPm_CpuEnterDeepSleep\000"
 1429      7973506D 
 1429      5F437075 
 1429      456E7465 
 1429      72446565 
 1430              	.LASF4:
 1431 0334 5F5F696E 		.ascii	"__int16_t\000"
 1431      7431365F 
 1431      7400
 1432              	.LASF116:
 1433 033e 72784275 		.ascii	"rxBufIdx\000"
ARM GAS  C:\Users\Labeo\AppData\Local\Temp\ccTVo470.s 			page 30


 1433      66496478 
 1433      00
 1434              	.LASF93:
 1435 0347 63707573 		.ascii	"cpussCm4PwrCtlOffset\000"
 1435      73436D34 
 1435      50777243 
 1435      746C4F66 
 1435      66736574 
 1436              	.LASF118:
 1437 035c 74784275 		.ascii	"txBufSize\000"
 1437      6653697A 
 1437      6500
 1438              	.LASF152:
 1439 0366 433A5C55 		.ascii	"C:\\Users\\Labeo\\Desktop\\GBM2100\\_Christophe\\La"
 1439      73657273 
 1439      5C4C6162 
 1439      656F5C44 
 1439      65736B74 
 1440 0393 626F7261 		.ascii	"boratoire3\\Laboratoire3.cydsn\000"
 1440      746F6972 
 1440      65335C4C 
 1440      61626F72 
 1440      61746F69 
 1441              	.LASF88:
 1442 03b1 6770696F 		.ascii	"gpioPrtCfgSioOffset\000"
 1442      50727443 
 1442      66675369 
 1442      6F4F6666 
 1442      73657400 
 1443              	.LASF40:
 1444 03c5 63707573 		.ascii	"cpussDwChNr\000"
 1444      73447743 
 1444      684E7200 
 1445              	.LASF12:
 1446 03d1 756E7369 		.ascii	"unsigned int\000"
 1446      676E6564 
 1446      20696E74 
 1446      00
 1447              	.LASF15:
 1448 03de 75696E74 		.ascii	"uint16_t\000"
 1448      31365F74 
 1448      00
 1449              	.LASF73:
 1450 03e7 70657269 		.ascii	"periTrCmdGrSelMsk\000"
 1450      5472436D 
 1450      64477253 
 1450      656C4D73 
 1450      6B00
 1451              	.LASF62:
 1452 03f9 666C6173 		.ascii	"flashCtlMainWs1Freq\000"
 1452      6843746C 
 1452      4D61696E 
 1452      57733146 
 1452      72657100 
 1453              	.LASF9:
 1454 040d 6C6F6E67 		.ascii	"long unsigned int\000"
 1454      20756E73 
ARM GAS  C:\Users\Labeo\AppData\Local\Temp\ccTVo470.s 			page 31


 1454      69676E65 
 1454      6420696E 
 1454      7400
 1455              	.LASF132:
 1456 041f 656E6162 		.ascii	"enableCompareSwap\000"
 1456      6C65436F 
 1456      6D706172 
 1456      65537761 
 1456      7000
 1457              	.LASF38:
 1458 0431 63707573 		.ascii	"cpussIpcNr\000"
 1458      73497063 
 1458      4E7200
 1459              	.LASF25:
 1460 043c 6770696F 		.ascii	"gpioBase\000"
 1460      42617365 
 1460      00
 1461              	.LASF63:
 1462 0445 666C6173 		.ascii	"flashCtlMainWs2Freq\000"
 1462      6843746C 
 1462      4D61696E 
 1462      57733246 
 1462      72657100 
 1463              	.LASF74:
 1464 0459 70657269 		.ascii	"periTrGrOffset\000"
 1464      54724772 
 1464      4F666673 
 1464      657400
 1465              	.LASF101:
 1466 0468 63707573 		.ascii	"cpussRam1Ctl0\000"
 1466      7352616D 
 1466      3143746C 
 1466      3000
 1467              	.LASF120:
 1468 0476 63624576 		.ascii	"cbEvents\000"
 1468      656E7473 
 1468      00
 1469              	.LASF75:
 1470 047f 70657269 		.ascii	"periTrGrSize\000"
 1470      54724772 
 1470      53697A65 
 1470      00
 1471              	.LASF148:
 1472 048c 43795F53 		.ascii	"Cy_SysEnableCM4\000"
 1472      7973456E 
 1472      61626C65 
 1472      434D3400 
 1473              	.LASF33:
 1474 049c 6770696F 		.ascii	"gpioVersion\000"
 1474      56657273 
 1474      696F6E00 
 1475              	.LASF105:
 1476 04a8 63795F73 		.ascii	"cy_stc_device_t\000"
 1476      74635F64 
 1476      65766963 
 1476      655F7400 
 1477              	.LASF122:
ARM GAS  C:\Users\Labeo\AppData\Local\Temp\ccTVo470.s 			page 32


 1478 04b8 63795F73 		.ascii	"cy_stc_scb_spi_context_t\000"
 1478      74635F73 
 1478      63625F73 
 1478      70695F63 
 1478      6F6E7465 
 1479              	.LASF51:
 1480 04d1 65704D6F 		.ascii	"epMonitorNr\000"
 1480      6E69746F 
 1480      724E7200 
 1481              	.LASF98:
 1482 04dd 63707573 		.ascii	"cpussCm4NmiCtlOffset\000"
 1482      73436D34 
 1482      4E6D6943 
 1482      746C4F66 
 1482      66736574 
 1483              	.LASF94:
 1484 04f2 63707573 		.ascii	"cpussTrimRamCtlOffset\000"
 1484      73547269 
 1484      6D52616D 
 1484      43746C4F 
 1484      66667365 
 1485              	.LASF139:
 1486 0508 73746172 		.ascii	"startInput\000"
 1486      74496E70 
 1486      757400
 1487              	.LASF29:
 1488 0513 63707573 		.ascii	"cpussVersion\000"
 1488      73566572 
 1488      73696F6E 
 1488      00
 1489              	.LASF36:
 1490 0520 70657269 		.ascii	"periVersion\000"
 1490      56657273 
 1490      696F6E00 
 1491              	.LASF92:
 1492 052c 63707573 		.ascii	"cpussCm0StatusOffset\000"
 1492      73436D30 
 1492      53746174 
 1492      75734F66 
 1492      66736574 
 1493              	.LASF124:
 1494 0541 63795F73 		.ascii	"cy_stc_tcpwm_counter_config\000"
 1494      74635F74 
 1494      6370776D 
 1494      5F636F75 
 1494      6E746572 
 1495              	.LASF17:
 1496 055d 73697A65 		.ascii	"sizetype\000"
 1496      74797065 
 1496      00
 1497              	.LASF66:
 1498 0566 64774368 		.ascii	"dwChOffset\000"
 1498      4F666673 
 1498      657400
 1499              	.LASF41:
 1500 0571 63707573 		.ascii	"cpussFlashPaSize\000"
 1500      73466C61 
ARM GAS  C:\Users\Labeo\AppData\Local\Temp\ccTVo470.s 			page 33


 1500      73685061 
 1500      53697A65 
 1500      00
 1501              	.LASF79:
 1502 0582 70657269 		.ascii	"periDivCmdPaTypeSelPos\000"
 1502      44697643 
 1502      6D645061 
 1502      54797065 
 1502      53656C50 
 1503              	.LASF102:
 1504 0599 63707573 		.ascii	"cpussRam2Ctl0\000"
 1504      7352616D 
 1504      3243746C 
 1504      3000
 1505              	.LASF70:
 1506 05a7 64775374 		.ascii	"dwStatusChIdxPos\000"
 1506      61747573 
 1506      43684964 
 1506      78506F73 
 1506      00
 1507              	.LASF52:
 1508 05b8 75646250 		.ascii	"udbPresent\000"
 1508      72657365 
 1508      6E7400
 1509              	.LASF32:
 1510 05c3 666C6173 		.ascii	"flashcVersion\000"
 1510      68635665 
 1510      7273696F 
 1510      6E00
 1511              	.LASF28:
 1512 05d1 63727970 		.ascii	"cryptoBase\000"
 1512      746F4261 
 1512      736500
 1513              	.LASF49:
 1514 05dc 736D6966 		.ascii	"smifDeviceNr\000"
 1514      44657669 
 1514      63654E72 
 1514      00
 1515              	.LASF103:
 1516 05e9 69706353 		.ascii	"ipcStructSize\000"
 1516      74727563 
 1516      7453697A 
 1516      6500
 1517              	.LASF107:
 1518 05f7 666C6F61 		.ascii	"float\000"
 1518      7400
 1519              	.LASF71:
 1520 05fd 64775374 		.ascii	"dwStatusChIdxMsk\000"
 1520      61747573 
 1520      43684964 
 1520      784D736B 
 1520      00
 1521              	.LASF145:
 1522 060e 63795F64 		.ascii	"cy_device\000"
 1522      65766963 
 1522      6500
 1523              	.LASF99:
ARM GAS  C:\Users\Labeo\AppData\Local\Temp\ccTVo470.s 			page 34


 1524 0618 63707573 		.ascii	"cpussRomCtl\000"
 1524      73526F6D 
 1524      43746C00 
 1525              	.LASF69:
 1526 0624 64774368 		.ascii	"dwChCtlPreemptablePos\000"
 1526      43746C50 
 1526      7265656D 
 1526      70746162 
 1526      6C65506F 
 1527              	.LASF22:
 1528 063a 75646242 		.ascii	"udbBase\000"
 1528      61736500 
 1529              	.LASF138:
 1530 0642 73746172 		.ascii	"startInputMode\000"
 1530      74496E70 
 1530      75744D6F 
 1530      646500
 1531              	.LASF1:
 1532 0651 756E7369 		.ascii	"unsigned char\000"
 1532      676E6564 
 1532      20636861 
 1532      7200
 1533              	.LASF65:
 1534 065f 666C6173 		.ascii	"flashCtlMainWs4Freq\000"
 1534      6843746C 
 1534      4D61696E 
 1534      57733446 
 1534      72657100 
 1535              	.LASF0:
 1536 0673 73686F72 		.ascii	"short int\000"
 1536      7420696E 
 1536      7400
 1537              	.LASF76:
 1538 067d 70657269 		.ascii	"periDivCmdDivSelMsk\000"
 1538      44697643 
 1538      6D644469 
 1538      7653656C 
 1538      4D736B00 
 1539              	.LASF129:
 1540 0691 636F6D70 		.ascii	"compareOrCapture\000"
 1540      6172654F 
 1540      72436170 
 1540      74757265 
 1540      00
 1541              	.LASF47:
 1542 06a2 73727373 		.ascii	"srssNumHfroot\000"
 1542      4E756D48 
 1542      66726F6F 
 1542      7400
 1543              	.LASF60:
 1544 06b0 666C6173 		.ascii	"flashEraseDelay\000"
 1544      68457261 
 1544      73654465 
 1544      6C617900 
 1545              	.LASF16:
 1546 06c0 75696E74 		.ascii	"uint32_t\000"
 1546      33325F74 
ARM GAS  C:\Users\Labeo\AppData\Local\Temp\ccTVo470.s 			page 35


 1546      00
 1547              	.LASF150:
 1548 06c9 474E5520 		.ascii	"GNU C11 5.4.1 20160609 (release) [ARM/embedded-5-br"
 1548      43313120 
 1548      352E342E 
 1548      31203230 
 1548      31363036 
 1549 06fc 616E6368 		.ascii	"anch revision 237715] -mcpu=cortex-m0plus -mthumb -"
 1549      20726576 
 1549      6973696F 
 1549      6E203233 
 1549      37373135 
 1550 072f 67202D4F 		.ascii	"g -Og -ffunction-sections -ffat-lto-objects\000"
 1550      67202D66 
 1550      66756E63 
 1550      74696F6E 
 1550      2D736563 
 1551              	.LASF111:
 1552 075b 5F426F6F 		.ascii	"_Bool\000"
 1552      6C00
 1553              	.LASF18:
 1554 0761 6C6F6E67 		.ascii	"long double\000"
 1554      20646F75 
 1554      626C6500 
 1555              	.LASF106:
 1556 076d 63686172 		.ascii	"char\000"
 1556      00
 1557              	.LASF143:
 1558 0772 636F756E 		.ascii	"countInput\000"
 1558      74496E70 
 1558      757400
 1559              	.LASF37:
 1560 077d 70726F74 		.ascii	"protVersion\000"
 1560      56657273 
 1560      696F6E00 
 1561              	.LASF100:
 1562 0789 63707573 		.ascii	"cpussRam0Ctl0\000"
 1562      7352616D 
 1562      3043746C 
 1562      3000
 1563              	.LASF5:
 1564 0797 5F5F7569 		.ascii	"__uint16_t\000"
 1564      6E743136 
 1564      5F7400
 1565              	.LASF81:
 1566 07a2 70657269 		.ascii	"periDiv16CtlOffset\000"
 1566      44697631 
 1566      3643746C 
 1566      4F666673 
 1566      657400
 1567              	.LASF110:
 1568 07b5 43595F53 		.ascii	"CY_SYSPM_WAIT_FOR_EVENT\000"
 1568      5953504D 
 1568      5F574149 
 1568      545F464F 
 1568      525F4556 
 1569              	.LASF34:
ARM GAS  C:\Users\Labeo\AppData\Local\Temp\ccTVo470.s 			page 36


 1570 07cd 6873696F 		.ascii	"hsiomVersion\000"
 1570      6D566572 
 1570      73696F6E 
 1570      00
 1571              	.LASF133:
 1572 07da 696E7465 		.ascii	"interruptSources\000"
 1572      72727570 
 1572      74536F75 
 1572      72636573 
 1572      00
 1573              	.LASF137:
 1574 07eb 72656C6F 		.ascii	"reloadInput\000"
 1574      6164496E 
 1574      70757400 
 1575              	.LASF6:
 1576 07f7 73686F72 		.ascii	"short unsigned int\000"
 1576      7420756E 
 1576      7369676E 
 1576      65642069 
 1576      6E7400
 1577              	.LASF67:
 1578 080a 64774368 		.ascii	"dwChSize\000"
 1578      53697A65 
 1578      00
 1579              	.LASF141:
 1580 0813 73746F70 		.ascii	"stopInput\000"
 1580      496E7075 
 1580      7400
 1581              	.LASF109:
 1582 081d 43595F53 		.ascii	"CY_SYSPM_WAIT_FOR_INTERRUPT\000"
 1582      5953504D 
 1582      5F574149 
 1582      545F464F 
 1582      525F494E 
 1583              	.LASF42:
 1584 0839 63707573 		.ascii	"cpussIpc0Irq\000"
 1584      73497063 
 1584      30497271 
 1584      00
 1585              	.LASF130:
 1586 0846 636F6D70 		.ascii	"compare0\000"
 1586      61726530 
 1586      00
 1587              	.LASF146:
 1588 084f 43595F45 		.ascii	"CY_EINK_SPIM_context\000"
 1588      494E4B5F 
 1588      5350494D 
 1588      5F636F6E 
 1588      74657874 
 1589              	.LASF131:
 1590 0864 636F6D70 		.ascii	"compare1\000"
 1590      61726531 
 1590      00
 1591              	.LASF89:
 1592 086d 63707573 		.ascii	"cpussCm0ClockCtlOffset\000"
 1592      73436D30 
 1592      436C6F63 
ARM GAS  C:\Users\Labeo\AppData\Local\Temp\ccTVo470.s 			page 37


 1592      6B43746C 
 1592      4F666673 
 1593              	.LASF85:
 1594 0884 6770696F 		.ascii	"gpioPrtCfgOffset\000"
 1594      50727443 
 1594      66674F66 
 1594      66736574 
 1594      00
 1595              	.LASF121:
 1596 0895 696E6974 		.ascii	"initKey\000"
 1596      4B657900 
 1597              	.LASF114:
 1598 089d 72784275 		.ascii	"rxBuf\000"
 1598      6600
 1599              	.LASF2:
 1600 08a3 7369676E 		.ascii	"signed char\000"
 1600      65642063 
 1600      68617200 
 1601              	.LASF113:
 1602 08af 73746174 		.ascii	"status\000"
 1602      757300
 1603              	.LASF44:
 1604 08b6 63707573 		.ascii	"cpussNotConnectedIrq\000"
 1604      734E6F74 
 1604      436F6E6E 
 1604      65637465 
 1604      64497271 
 1605              	.LASF58:
 1606 08cb 666C6173 		.ascii	"flashWriteDelay\000"
 1606      68577269 
 1606      74654465 
 1606      6C617900 
 1607              	.LASF13:
 1608 08db 75696E74 		.ascii	"uint8_t\000"
 1608      385F7400 
 1609              	.LASF147:
 1610 08e3 43595F45 		.ascii	"CY_EINK_Timer_config\000"
 1610      494E4B5F 
 1610      54696D65 
 1610      725F636F 
 1610      6E666967 
 1611              	.LASF91:
 1612 08f8 63707573 		.ascii	"cpussCm4StatusOffset\000"
 1612      73436D34 
 1612      53746174 
 1612      75734F66 
 1612      66736574 
 1613              	.LASF84:
 1614 090d 6770696F 		.ascii	"gpioPrtIntrCfgOffset\000"
 1614      50727449 
 1614      6E747243 
 1614      66674F66 
 1614      66736574 
 1615              	.LASF136:
 1616 0922 72656C6F 		.ascii	"reloadInputMode\000"
 1616      6164496E 
 1616      7075744D 
ARM GAS  C:\Users\Labeo\AppData\Local\Temp\ccTVo470.s 			page 38


 1616      6F646500 
 1617              	.LASF95:
 1618 0932 63707573 		.ascii	"cpussTrimRomCtlOffset\000"
 1618      73547269 
 1618      6D526F6D 
 1618      43746C4F 
 1618      66667365 
 1619              	.LASF142:
 1620 0948 636F756E 		.ascii	"countInputMode\000"
 1620      74496E70 
 1620      75744D6F 
 1620      646500
 1621              	.LASF31:
 1622 0957 64775665 		.ascii	"dwVersion\000"
 1622      7273696F 
 1622      6E00
 1623              	.LASF27:
 1624 0961 69706342 		.ascii	"ipcBase\000"
 1624      61736500 
 1625              	.LASF78:
 1626 0969 70657269 		.ascii	"periDivCmdPaDivSelPos\000"
 1626      44697643 
 1626      6D645061 
 1626      44697653 
 1626      656C506F 
 1627              	.LASF59:
 1628 097f 666C6173 		.ascii	"flashProgramDelay\000"
 1628      6850726F 
 1628      6772616D 
 1628      44656C61 
 1628      7900
 1629              	.LASF56:
 1630 0991 666C6173 		.ascii	"flashRwwRequired\000"
 1630      68527777 
 1630      52657175 
 1630      69726564 
 1630      00
 1631              	.LASF119:
 1632 09a2 74784275 		.ascii	"txBufIdx\000"
 1632      66496478 
 1632      00
 1633              		.ident	"GCC: (GNU Tools for ARM Embedded Processors) 5.4.1 20160609 (release) [ARM/embedded-5-bran
